
Showing logs for build [32mcb-kubecd-environment-pr-228-1-z4vf4-1[0m stage [32mfrom-build-pack[0m and container [32mstep-credential-initializer-5w96q[0m
{"level":"info","ts":1590031170.227792,"logger":"fallback-logger","caller":"logging/config.go:69","msg":"Fetch GitHub commit ID from kodata failed: open /var/run/ko/refs/heads/0.8.0-ns-support: no such file or directory"}
{"level":"info","ts":1590031170.2282426,"logger":"fallback-logger","caller":"creds-init/main.go:40","msg":"Credentials initialized."}

Showing logs for build [32mcb-kubecd-environment-pr-228-1-z4vf4-1[0m stage [32mfrom-build-pack[0m and container [32mstep-working-dir-initializer-lc7s9[0m
{"level":"info","ts":1590031171.631981,"logger":"fallback-logger","caller":"logging/config.go:69","msg":"Fetch GitHub commit ID from kodata failed: open /var/run/ko/HEAD: no such file or directory"}
{"level":"info","ts":1590031171.6333506,"logger":"fallback-logger","caller":"bash/main.go:64","msg":"Successfully executed command \"sh -c mkdir -p /workspace/source\"; output "}

Showing logs for build [32mcb-kubecd-environment-pr-228-1-z4vf4-1[0m stage [32mfrom-build-pack[0m and container [32mstep-place-tools[0m

Showing logs for build [32mcb-kubecd-environment-pr-228-1-z4vf4-1[0m stage [32mfrom-build-pack[0m and container [32mstep-git-source-cb-kubecd-environment-pr-228-1-z4vf4-c2tpk[0m
{"level":"info","ts":1590031176.7599802,"logger":"fallback-logger","caller":"logging/config.go:69","msg":"Fetch GitHub commit ID from kodata failed: open /var/run/ko/refs/heads/0.8.0-ns-support: no such file or directory"}
{"level":"info","ts":1590031177.8313186,"logger":"fallback-logger","caller":"git/git.go:103","msg":"Successfully cloned https://github.com/cb-kubecd/environment-pr-228-1-boot-gke-staging.git @ master in path /workspace/source"}

Showing logs for build [32mcb-kubecd-environment-pr-228-1-z4vf4-1[0m stage [32mfrom-build-pack[0m and container [32mstep-git-merge[0m
Using SHAs from PULL_REFS=master:86bfcabe0201f948320212c442ecfb951b21d605,4:976abe494d4b363b414284d6d55d7a936a693981
DEBUG: JX_LOG_LEVEL=error LC_ALL=C git fetch origin --unshallow 976abe494d4b363b414284d6d55d7a936a693981: 86bfcabe0201f948320212c442ecfb951b21d605:
DEBUG: ran git fetch --unshallow origin 976abe494d4b363b414284d6d55d7a936a693981: 86bfcabe0201f948320212c442ecfb951b21d605: in 
DEBUG: LC_ALL=C JX_LOG_LEVEL=error git branch
DEBUG: LC_ALL=C JX_LOG_LEVEL=error git checkout master
DEBUG: ran git checkout master in 
DEBUG: JX_LOG_LEVEL=error LC_ALL=C git reset --hard 86bfcabe0201f948320212c442ecfb951b21d605
DEBUG: ran git reset --hard 86bfcabe0201f948320212c442ecfb951b21d605 in 
DEBUG: LC_ALL=C JX_LOG_LEVEL=error git clean -fd .
DEBUG: ran clean --force -d . in 
DEBUG: LC_ALL=C JX_LOG_LEVEL=error git merge 976abe494d4b363b414284d6d55d7a936a693981
DEBUG: ran git merge 976abe494d4b363b414284d6d55d7a936a693981 in 
DEBUG: LC_ALL=C JX_LOG_LEVEL=error git log --format=%H%x1f%an%x1f%ae%x1f%cn%x1f%ce%x1f%s%n%b%x1e 86bfcabe0201f948320212c442ecfb951b21d605..HEAD
Merged SHA 976abe494d4b363b414284d6d55d7a936a693981 with commit message 'chore: Promote bdd-nh-1590029317 to version 0.0.1' into base branch master

Showing logs for build [32mcb-kubecd-environment-pr-228-1-z4vf4-1[0m stage [32mfrom-build-pack[0m and container [32mstep-build-helm-build[0m
WARNING: No $CHART_REPOSITORY defined so using the default value of: http://jenkins-x-chartmuseum:8080
Adding missing Helm repo: storage.googleapis.com https://storage.googleapis.com/chartmuseum.jenkins-x.io
WARNING: No secrets found on "helm/repos" due: reading the secret "helm/repos" from vault: no secret "helm/repos" not found in vault
Read credentials for https://storage.googleapis.com/chartmuseum.jenkins-x.io from vault helm/repos
Successfully added Helm repository storage.googleapis.com.
Adding missing Helm repo: jenkins-x-chartmuseum http://jenkins-x-chartmuseum:8080
WARNING: No secrets found on "helm/repos" due: reading the secret "helm/repos" from vault: no secret "helm/repos" not found in vault
Read credentials for http://jenkins-x-chartmuseum:8080 from vault helm/repos
Successfully added Helm repository jenkins-x-chartmuseum.
WARNING: No $CHART_REPOSITORY defined so using the default value of: http://jenkins-x-chartmuseum:8080
Adding missing Helm repo: chartmuseum.jenkins-x.io http://chartmuseum.jenkins-x.io
WARNING: No secrets found on "helm/repos" due: reading the secret "helm/repos" from vault: no secret "helm/repos" not found in vault
Read credentials for http://chartmuseum.jenkins-x.io from vault helm/repos
Successfully added Helm repository chartmuseum.jenkins-x.io.
