
Showing logs for build [32mcb-kubecd-environment-pr-228-1-x5k9q-1[0m stage [32mfrom-build-pack[0m and container [32mstep-credential-initializer-62jfs[0m
{"level":"info","ts":1590032422.8500419,"logger":"fallback-logger","caller":"logging/config.go:69","msg":"Fetch GitHub commit ID from kodata failed: open /var/run/ko/refs/heads/0.8.0-ns-support: no such file or directory"}
{"level":"info","ts":1590032422.8508713,"logger":"fallback-logger","caller":"creds-init/main.go:40","msg":"Credentials initialized."}

Showing logs for build [32mcb-kubecd-environment-pr-228-1-x5k9q-1[0m stage [32mfrom-build-pack[0m and container [32mstep-working-dir-initializer-dbvlc[0m
{"level":"info","ts":1590032424.3373077,"logger":"fallback-logger","caller":"logging/config.go:69","msg":"Fetch GitHub commit ID from kodata failed: open /var/run/ko/HEAD: no such file or directory"}
{"level":"info","ts":1590032424.3408036,"logger":"fallback-logger","caller":"bash/main.go:64","msg":"Successfully executed command \"sh -c mkdir -p /workspace/source\"; output "}

Showing logs for build [32mcb-kubecd-environment-pr-228-1-x5k9q-1[0m stage [32mfrom-build-pack[0m and container [32mstep-place-tools[0m

Showing logs for build [32mcb-kubecd-environment-pr-228-1-x5k9q-1[0m stage [32mfrom-build-pack[0m and container [32mstep-git-source-cb-kubecd-environment-pr-228-1-x5k9q-rxrml[0m
{"level":"info","ts":1590032429.7626927,"logger":"fallback-logger","caller":"logging/config.go:69","msg":"Fetch GitHub commit ID from kodata failed: open /var/run/ko/refs/heads/0.8.0-ns-support: no such file or directory"}
{"level":"info","ts":1590032430.8399675,"logger":"fallback-logger","caller":"git/git.go:103","msg":"Successfully cloned https://github.com/cb-kubecd/environment-pr-228-1-boot-gke-staging.git @ master in path /workspace/source"}

Showing logs for build [32mcb-kubecd-environment-pr-228-1-x5k9q-1[0m stage [32mfrom-build-pack[0m and container [32mstep-git-merge[0m
Using SHAs from PULL_REFS=master:32d94011f9e487ba34b22c4dbbd1584a62a8a458,6:d06e972fe1aeb895e6a198b3783969abb6f4ef1f
DEBUG: LC_ALL=C JX_LOG_LEVEL=error git fetch origin --unshallow d06e972fe1aeb895e6a198b3783969abb6f4ef1f: 32d94011f9e487ba34b22c4dbbd1584a62a8a458:
DEBUG: ran git fetch --unshallow origin d06e972fe1aeb895e6a198b3783969abb6f4ef1f: 32d94011f9e487ba34b22c4dbbd1584a62a8a458: in 
DEBUG: LC_ALL=C JX_LOG_LEVEL=error git branch
DEBUG: LC_ALL=C JX_LOG_LEVEL=error git checkout master
DEBUG: ran git checkout master in 
DEBUG: LC_ALL=C JX_LOG_LEVEL=error git reset --hard 32d94011f9e487ba34b22c4dbbd1584a62a8a458
DEBUG: ran git reset --hard 32d94011f9e487ba34b22c4dbbd1584a62a8a458 in 
DEBUG: LC_ALL=C JX_LOG_LEVEL=error git clean -fd .
DEBUG: ran clean --force -d . in 
DEBUG: JX_LOG_LEVEL=error LC_ALL=C git merge d06e972fe1aeb895e6a198b3783969abb6f4ef1f
DEBUG: ran git merge d06e972fe1aeb895e6a198b3783969abb6f4ef1f in 
DEBUG: LC_ALL=C JX_LOG_LEVEL=error git log --format=%H%x1f%an%x1f%ae%x1f%cn%x1f%ce%x1f%s%n%b%x1e 32d94011f9e487ba34b22c4dbbd1584a62a8a458..HEAD
Merged SHA d06e972fe1aeb895e6a198b3783969abb6f4ef1f with commit message 'chore: Promote bdd-sbhg-import-1590031600 to version 0.0.1' into base branch master

Showing logs for build [32mcb-kubecd-environment-pr-228-1-x5k9q-1[0m stage [32mfrom-build-pack[0m and container [32mstep-build-helm-build[0m
WARNING: No $CHART_REPOSITORY defined so using the default value of: http://jenkins-x-chartmuseum:8080
Adding missing Helm repo: storage.googleapis.com https://storage.googleapis.com/chartmuseum.jenkins-x.io
WARNING: No secrets found on "helm/repos" due: reading the secret "helm/repos" from vault: no secret "helm/repos" not found in vault
Read credentials for https://storage.googleapis.com/chartmuseum.jenkins-x.io from vault helm/repos
Successfully added Helm repository storage.googleapis.com.
Adding missing Helm repo: jenkins-x-chartmuseum http://jenkins-x-chartmuseum:8080
WARNING: No secrets found on "helm/repos" due: reading the secret "helm/repos" from vault: no secret "helm/repos" not found in vault
Read credentials for http://jenkins-x-chartmuseum:8080 from vault helm/repos
Successfully added Helm repository jenkins-x-chartmuseum.
WARNING: No $CHART_REPOSITORY defined so using the default value of: http://jenkins-x-chartmuseum:8080
Adding missing Helm repo: chartmuseum.jenkins-x.io http://chartmuseum.jenkins-x.io
WARNING: No secrets found on "helm/repos" due: reading the secret "helm/repos" from vault: no secret "helm/repos" not found in vault
Read credentials for http://chartmuseum.jenkins-x.io from vault helm/repos
Successfully added Helm repository chartmuseum.jenkins-x.io.
