
Showing logs for build [32mcb-kubecd-environment-pr-228-1-s9lj2-1[0m stage [32mfrom-build-pack[0m and container [32mstep-credential-initializer-2d2jw[0m
{"level":"info","ts":1590030354.6163642,"logger":"fallback-logger","caller":"logging/config.go:69","msg":"Fetch GitHub commit ID from kodata failed: open /var/run/ko/refs/heads/0.8.0-ns-support: no such file or directory"}
{"level":"info","ts":1590030354.6171722,"logger":"fallback-logger","caller":"creds-init/main.go:40","msg":"Credentials initialized."}

Showing logs for build [32mcb-kubecd-environment-pr-228-1-s9lj2-1[0m stage [32mfrom-build-pack[0m and container [32mstep-working-dir-initializer-rj6q6[0m
{"level":"info","ts":1590030355.9364467,"logger":"fallback-logger","caller":"logging/config.go:69","msg":"Fetch GitHub commit ID from kodata failed: open /var/run/ko/HEAD: no such file or directory"}
{"level":"info","ts":1590030355.9390516,"logger":"fallback-logger","caller":"bash/main.go:64","msg":"Successfully executed command \"sh -c mkdir -p /workspace/source\"; output "}

Showing logs for build [32mcb-kubecd-environment-pr-228-1-s9lj2-1[0m stage [32mfrom-build-pack[0m and container [32mstep-place-tools[0m

Showing logs for build [32mcb-kubecd-environment-pr-228-1-s9lj2-1[0m stage [32mfrom-build-pack[0m and container [32mstep-git-source-cb-kubecd-environment-pr-228-1-s9lj2-t645r[0m
{"level":"info","ts":1590030360.1074674,"logger":"fallback-logger","caller":"logging/config.go:69","msg":"Fetch GitHub commit ID from kodata failed: open /var/run/ko/refs/heads/0.8.0-ns-support: no such file or directory"}
{"level":"info","ts":1590030361.1799529,"logger":"fallback-logger","caller":"git/git.go:103","msg":"Successfully cloned https://github.com/cb-kubecd/environment-pr-228-1-boot-gke-staging.git @ master in path /workspace/source"}

Showing logs for build [32mcb-kubecd-environment-pr-228-1-s9lj2-1[0m stage [32mfrom-build-pack[0m and container [32mstep-git-merge[0m
Using SHAs from PULL_REFS=master:c97f0895603fbe3d3d9216159ce8118b59eefd26,3:4261471ac11b9acfde1a93ac0daf32336b18b7b0
DEBUG: LC_ALL=C JX_LOG_LEVEL=error git fetch origin --unshallow 4261471ac11b9acfde1a93ac0daf32336b18b7b0: c97f0895603fbe3d3d9216159ce8118b59eefd26:
DEBUG: ran git fetch --unshallow origin 4261471ac11b9acfde1a93ac0daf32336b18b7b0: c97f0895603fbe3d3d9216159ce8118b59eefd26: in 
DEBUG: LC_ALL=C JX_LOG_LEVEL=error git branch
DEBUG: LC_ALL=C JX_LOG_LEVEL=error git checkout master
DEBUG: ran git checkout master in 
DEBUG: JX_LOG_LEVEL=error LC_ALL=C git reset --hard c97f0895603fbe3d3d9216159ce8118b59eefd26
DEBUG: ran git reset --hard c97f0895603fbe3d3d9216159ce8118b59eefd26 in 
DEBUG: LC_ALL=C JX_LOG_LEVEL=error git clean -fd .
DEBUG: ran clean --force -d . in 
DEBUG: LC_ALL=C JX_LOG_LEVEL=error git merge 4261471ac11b9acfde1a93ac0daf32336b18b7b0
DEBUG: ran git merge 4261471ac11b9acfde1a93ac0daf32336b18b7b0 in 
DEBUG: LC_ALL=C JX_LOG_LEVEL=error git log --format=%H%x1f%an%x1f%ae%x1f%cn%x1f%ce%x1f%s%n%b%x1e c97f0895603fbe3d3d9216159ce8118b59eefd26..HEAD
Merged SHA 4261471ac11b9acfde1a93ac0daf32336b18b7b0 with commit message 'chore: Promote bdd-sbhg-1590029317 to version 0.0.1' into base branch master

Showing logs for build [32mcb-kubecd-environment-pr-228-1-s9lj2-1[0m stage [32mfrom-build-pack[0m and container [32mstep-build-helm-build[0m
WARNING: No $CHART_REPOSITORY defined so using the default value of: http://jenkins-x-chartmuseum:8080
Adding missing Helm repo: storage.googleapis.com https://storage.googleapis.com/chartmuseum.jenkins-x.io
WARNING: No secrets found on "helm/repos" due: reading the secret "helm/repos" from vault: no secret "helm/repos" not found in vault
Read credentials for https://storage.googleapis.com/chartmuseum.jenkins-x.io from vault helm/repos
Successfully added Helm repository storage.googleapis.com.
Adding missing Helm repo: jenkins-x-chartmuseum http://jenkins-x-chartmuseum:8080
WARNING: No secrets found on "helm/repos" due: reading the secret "helm/repos" from vault: no secret "helm/repos" not found in vault
Read credentials for http://jenkins-x-chartmuseum:8080 from vault helm/repos
Successfully added Helm repository jenkins-x-chartmuseum.
WARNING: No $CHART_REPOSITORY defined so using the default value of: http://jenkins-x-chartmuseum:8080
Adding missing Helm repo: chartmuseum.jenkins-x.io http://chartmuseum.jenkins-x.io
WARNING: No secrets found on "helm/repos" due: reading the secret "helm/repos" from vault: no secret "helm/repos" not found in vault
Read credentials for http://chartmuseum.jenkins-x.io from vault helm/repos
Successfully added Helm repository chartmuseum.jenkins-x.io.
