
Showing logs for build [32mcb-kubecd-environment-pr-228-1-v8jgg-1[0m stage [32mfrom-build-pack[0m and container [32mstep-credential-initializer-7r6rk[0m
{"level":"info","ts":1590031795.4742317,"logger":"fallback-logger","caller":"logging/config.go:69","msg":"Fetch GitHub commit ID from kodata failed: open /var/run/ko/refs/heads/0.8.0-ns-support: no such file or directory"}
{"level":"info","ts":1590031795.474733,"logger":"fallback-logger","caller":"creds-init/main.go:40","msg":"Credentials initialized."}

Showing logs for build [32mcb-kubecd-environment-pr-228-1-v8jgg-1[0m stage [32mfrom-build-pack[0m and container [32mstep-working-dir-initializer-b5fld[0m
{"level":"info","ts":1590031796.4947238,"logger":"fallback-logger","caller":"logging/config.go:69","msg":"Fetch GitHub commit ID from kodata failed: open /var/run/ko/HEAD: no such file or directory"}
{"level":"info","ts":1590031796.4964821,"logger":"fallback-logger","caller":"bash/main.go:64","msg":"Successfully executed command \"sh -c mkdir -p /workspace/source\"; output "}

Showing logs for build [32mcb-kubecd-environment-pr-228-1-v8jgg-1[0m stage [32mfrom-build-pack[0m and container [32mstep-place-tools[0m

Showing logs for build [32mcb-kubecd-environment-pr-228-1-v8jgg-1[0m stage [32mfrom-build-pack[0m and container [32mstep-git-source-cb-kubecd-environment-pr-228-1-v8jgg-s5dq7[0m
{"level":"info","ts":1590031800.6296496,"logger":"fallback-logger","caller":"logging/config.go:69","msg":"Fetch GitHub commit ID from kodata failed: open /var/run/ko/refs/heads/0.8.0-ns-support: no such file or directory"}
{"level":"info","ts":1590031801.6775658,"logger":"fallback-logger","caller":"git/git.go:103","msg":"Successfully cloned https://github.com/cb-kubecd/environment-pr-228-1-boot-gke-staging.git @ master in path /workspace/source"}

Showing logs for build [32mcb-kubecd-environment-pr-228-1-v8jgg-1[0m stage [32mfrom-build-pack[0m and container [32mstep-git-merge[0m
Using SHAs from PULL_REFS=master:ef9dd68430578c0ed6c7a24869c4cf3599a4bf75,5:851a2151ebfa1f1ce67b01a048425fa953d8b81c
DEBUG: JX_LOG_LEVEL=error LC_ALL=C git fetch origin --unshallow 851a2151ebfa1f1ce67b01a048425fa953d8b81c: ef9dd68430578c0ed6c7a24869c4cf3599a4bf75:
DEBUG: ran git fetch --unshallow origin 851a2151ebfa1f1ce67b01a048425fa953d8b81c: ef9dd68430578c0ed6c7a24869c4cf3599a4bf75: in 
DEBUG: LC_ALL=C JX_LOG_LEVEL=error git branch
DEBUG: LC_ALL=C JX_LOG_LEVEL=error git checkout master
DEBUG: ran git checkout master in 
DEBUG: LC_ALL=C JX_LOG_LEVEL=error git reset --hard ef9dd68430578c0ed6c7a24869c4cf3599a4bf75
DEBUG: ran git reset --hard ef9dd68430578c0ed6c7a24869c4cf3599a4bf75 in 
DEBUG: LC_ALL=C JX_LOG_LEVEL=error git clean -fd .
DEBUG: ran clean --force -d . in 
DEBUG: LC_ALL=C JX_LOG_LEVEL=error git merge 851a2151ebfa1f1ce67b01a048425fa953d8b81c
DEBUG: ran git merge 851a2151ebfa1f1ce67b01a048425fa953d8b81c in 
DEBUG: LC_ALL=C JX_LOG_LEVEL=error git log --format=%H%x1f%an%x1f%ae%x1f%cn%x1f%ce%x1f%s%n%b%x1e ef9dd68430578c0ed6c7a24869c4cf3599a4bf75..HEAD
Merged SHA 851a2151ebfa1f1ce67b01a048425fa953d8b81c with commit message 'chore: Promote bdd-ghf**y-import-1590031600 to version 0.0.1' into base branch master

Showing logs for build [32mcb-kubecd-environment-pr-228-1-v8jgg-1[0m stage [32mfrom-build-pack[0m and container [32mstep-build-helm-build[0m
WARNING: No $CHART_REPOSITORY defined so using the default value of: http://jenkins-x-chartmuseum:8080
Adding missing Helm repo: storage.googleapis.com https://storage.googleapis.com/chartmuseum.jenkins-x.io
WARNING: No secrets found on "helm/repos" due: reading the secret "helm/repos" from vault: no secret "helm/repos" not found in vault
Read credentials for https://storage.googleapis.com/chartmuseum.jenkins-x.io from vault helm/repos
Successfully added Helm repository storage.googleapis.com.
Adding missing Helm repo: jenkins-x-chartmuseum http://jenkins-x-chartmuseum:8080
WARNING: No secrets found on "helm/repos" due: reading the secret "helm/repos" from vault: no secret "helm/repos" not found in vault
Read credentials for http://jenkins-x-chartmuseum:8080 from vault helm/repos
Successfully added Helm repository jenkins-x-chartmuseum.
WARNING: No $CHART_REPOSITORY defined so using the default value of: http://jenkins-x-chartmuseum:8080
Adding missing Helm repo: chartmuseum.jenkins-x.io http://chartmuseum.jenkins-x.io
WARNING: No secrets found on "helm/repos" due: reading the secret "helm/repos" from vault: no secret "helm/repos" not found in vault
Read credentials for http://chartmuseum.jenkins-x.io from vault helm/repos
Successfully added Helm repository chartmuseum.jenkins-x.io.
