
Showing logs for build [32mcb-kubecd-environment-pr-228-1-wjq7m-1[0m stage [32mfrom-build-pack[0m and container [32mstep-credential-initializer-k2gzk[0m
{"level":"info","ts":1590032994.8518043,"logger":"fallback-logger","caller":"logging/config.go:69","msg":"Fetch GitHub commit ID from kodata failed: open /var/run/ko/refs/heads/0.8.0-ns-support: no such file or directory"}
{"level":"info","ts":1590032994.8523414,"logger":"fallback-logger","caller":"creds-init/main.go:40","msg":"Credentials initialized."}

Showing logs for build [32mcb-kubecd-environment-pr-228-1-wjq7m-1[0m stage [32mfrom-build-pack[0m and container [32mstep-working-dir-initializer-2t4pc[0m
{"level":"info","ts":1590032995.3361447,"logger":"fallback-logger","caller":"logging/config.go:69","msg":"Fetch GitHub commit ID from kodata failed: open /var/run/ko/HEAD: no such file or directory"}
{"level":"info","ts":1590032995.3382013,"logger":"fallback-logger","caller":"bash/main.go:64","msg":"Successfully executed command \"sh -c mkdir -p /workspace/source\"; output "}

Showing logs for build [32mcb-kubecd-environment-pr-228-1-wjq7m-1[0m stage [32mfrom-build-pack[0m and container [32mstep-place-tools[0m

Showing logs for build [32mcb-kubecd-environment-pr-228-1-wjq7m-1[0m stage [32mfrom-build-pack[0m and container [32mstep-git-source-cb-kubecd-environment-pr-228-1-wjq7m-ftw7r[0m
{"level":"info","ts":1590033000.618316,"logger":"fallback-logger","caller":"logging/config.go:69","msg":"Fetch GitHub commit ID from kodata failed: open /var/run/ko/refs/heads/0.8.0-ns-support: no such file or directory"}
{"level":"info","ts":1590033001.732148,"logger":"fallback-logger","caller":"git/git.go:103","msg":"Successfully cloned https://github.com/cb-kubecd/environment-pr-228-1-boot-gke-staging.git @ master in path /workspace/source"}

Showing logs for build [32mcb-kubecd-environment-pr-228-1-wjq7m-1[0m stage [32mfrom-build-pack[0m and container [32mstep-git-merge[0m
Using SHAs from PULL_REFS=master:7980b8af7728d1ef0cbb90ac49771044316bb68e,7:f754f55d31f4613ea0231205a733ff307bfe8a3a
DEBUG: LC_ALL=C JX_LOG_LEVEL=error git fetch origin --unshallow f754f55d31f4613ea0231205a733ff307bfe8a3a: 7980b8af7728d1ef0cbb90ac49771044316bb68e:
DEBUG: ran git fetch --unshallow origin f754f55d31f4613ea0231205a733ff307bfe8a3a: 7980b8af7728d1ef0cbb90ac49771044316bb68e: in 
DEBUG: LC_ALL=C JX_LOG_LEVEL=error git branch
DEBUG: LC_ALL=C JX_LOG_LEVEL=error git checkout master
DEBUG: ran git checkout master in 
DEBUG: LC_ALL=C JX_LOG_LEVEL=error git reset --hard 7980b8af7728d1ef0cbb90ac49771044316bb68e
DEBUG: ran git reset --hard 7980b8af7728d1ef0cbb90ac49771044316bb68e in 
DEBUG: LC_ALL=C JX_LOG_LEVEL=error git clean -fd .
DEBUG: ran clean --force -d . in 
DEBUG: JX_LOG_LEVEL=error LC_ALL=C git merge f754f55d31f4613ea0231205a733ff307bfe8a3a
DEBUG: ran git merge f754f55d31f4613ea0231205a733ff307bfe8a3a in 
DEBUG: JX_LOG_LEVEL=error LC_ALL=C git log --format=%H%x1f%an%x1f%ae%x1f%cn%x1f%ce%x1f%s%n%b%x1e 7980b8af7728d1ef0cbb90ac49771044316bb68e..HEAD
Merged SHA f754f55d31f4613ea0231205a733ff307bfe8a3a with commit message 'chore: Promote bdd-sbrp-import-1590031600 to version 0.0.1' into base branch master

Showing logs for build [32mcb-kubecd-environment-pr-228-1-wjq7m-1[0m stage [32mfrom-build-pack[0m and container [32mstep-build-helm-build[0m
WARNING: No $CHART_REPOSITORY defined so using the default value of: http://jenkins-x-chartmuseum:8080
Adding missing Helm repo: storage.googleapis.com https://storage.googleapis.com/chartmuseum.jenkins-x.io
WARNING: No secrets found on "helm/repos" due: reading the secret "helm/repos" from vault: no secret "helm/repos" not found in vault
Read credentials for https://storage.googleapis.com/chartmuseum.jenkins-x.io from vault helm/repos
Successfully added Helm repository storage.googleapis.com.
Adding missing Helm repo: jenkins-x-chartmuseum http://jenkins-x-chartmuseum:8080
WARNING: No secrets found on "helm/repos" due: reading the secret "helm/repos" from vault: no secret "helm/repos" not found in vault
Read credentials for http://jenkins-x-chartmuseum:8080 from vault helm/repos
Successfully added Helm repository jenkins-x-chartmuseum.
WARNING: No $CHART_REPOSITORY defined so using the default value of: http://jenkins-x-chartmuseum:8080
Adding missing Helm repo: chartmuseum.jenkins-x.io http://chartmuseum.jenkins-x.io
WARNING: No secrets found on "helm/repos" due: reading the secret "helm/repos" from vault: no secret "helm/repos" not found in vault
Read credentials for http://chartmuseum.jenkins-x.io from vault helm/repos
Successfully added Helm repository chartmuseum.jenkins-x.io.
